<?xml version="1.0" encoding="UTF-8"?>
<!-- Generated by org.testng.reporters.JUnitReportReporter -->
<testsuite hostname="DESKTOP-92M34R1" failures="0" tests="1" name="palywright.OpenCloseBrowser" time="37.802" errors="0" timestamp="2025-04-28T23:08:55 IST" skipped="0">
  <testcase classname="palywright.OpenCloseBrowser" name="practice1" time="37.802"/>
  <system-out/>
</testsuite> <!-- palywright.OpenCloseBrowser -->
