<?xml version="1.0" encoding="UTF-8"?>
<!-- Generated by org.testng.reporters.JUnitReportReporter -->
<testsuite hostname="DESKTOP-92M34R1" failures="0" tests="1" name="palywright.Practice2" time="23.874" errors="0" timestamp="2025-04-30T15:13:04 IST" skipped="0">
  <testcase classname="palywright.Practice2" name="locatorPractice" time="23.874"/>
  <system-out/>
</testsuite> <!-- palywright.Practice2 -->
