<?xml version="1.0" encoding="UTF-8"?>
<!-- Generated by org.testng.reporters.JUnitReportReporter -->
<testsuite hostname="DESKTOP-92M34R1" failures="0" tests="1" name="palywright.Practice6" time="110.801" errors="0" timestamp="2025-05-07T18:07:54 IST" skipped="0">
  <testcase classname="palywright.Practice6" name="screenshotPractice" time="110.801"/>
  <system-out/>
</testsuite> <!-- palywright.Practice6 -->
