<?xml version="1.0" encoding="UTF-8"?>
<!-- Generated by org.testng.reporters.JUnitReportReporter -->
<testsuite hostname="DESKTOP-92M34R1" failures="0" tests="1" name="palywright.Practice5" time="82.849" errors="0" timestamp="2025-05-07T17:41:20 IST" skipped="0">
  <testcase classname="palywright.Practice5" name="videocapturePractice" time="82.849"/>
  <system-out/>
</testsuite> <!-- palywright.Practice5 -->
